c:\users\longzhu\documents\visual studio 2015\projects\ocrforread\ocrforread\x64\release\ocrforread.obj
c:\users\longzhu\documents\visual studio 2015\projects\ocrforread\ocrforread\x64\release\main.obj
c:\users\longzhu\documents\visual studio 2015\projects\ocrforread\ocrforread\x64\release\moc_ocrforread.obj
c:\users\longzhu\documents\visual studio 2015\projects\ocrforread\ocrforread\x64\release\qrc_ocrforread.obj
c:\users\longzhu\documents\visual studio 2015\projects\ocrforread\ocrforread\generatedfiles\qrc_ocrforread.cpp
c:\users\longzhu\documents\visual studio 2015\projects\ocrforread\ocrforread\generatedfiles\ui_ocrforread.h
c:\users\longzhu\documents\visual studio 2015\projects\ocrforread\ocrforread\generatedfiles\release\moc_ocrforread.cpp
c:\users\longzhu\documents\visual studio 2015\projects\ocrforread\x64\release\ocrforread.exe
c:\users\longzhu\documents\visual studio 2015\projects\ocrforread\ocrforread\x64\release\ocrforread.res
c:\users\longzhu\documents\visual studio 2015\projects\ocrforread\ocrforread\x64\release\ocrforread.tlog\cl.command.1.tlog
c:\users\longzhu\documents\visual studio 2015\projects\ocrforread\ocrforread\x64\release\ocrforread.tlog\cl.read.1.tlog
c:\users\longzhu\documents\visual studio 2015\projects\ocrforread\ocrforread\x64\release\ocrforread.tlog\cl.write.1.tlog
c:\users\longzhu\documents\visual studio 2015\projects\ocrforread\ocrforread\x64\release\ocrforread.tlog\custombuild.command.1.tlog
c:\users\longzhu\documents\visual studio 2015\projects\ocrforread\ocrforread\x64\release\ocrforread.tlog\custombuild.read.1.tlog
c:\users\longzhu\documents\visual studio 2015\projects\ocrforread\ocrforread\x64\release\ocrforread.tlog\custombuild.write.1.tlog
c:\users\longzhu\documents\visual studio 2015\projects\ocrforread\ocrforread\x64\release\ocrforread.tlog\link.command.1.tlog
c:\users\longzhu\documents\visual studio 2015\projects\ocrforread\ocrforread\x64\release\ocrforread.tlog\link.read.1.tlog
c:\users\longzhu\documents\visual studio 2015\projects\ocrforread\ocrforread\x64\release\ocrforread.tlog\link.write.1.tlog
c:\users\longzhu\documents\visual studio 2015\projects\ocrforread\ocrforread\x64\release\ocrforread.tlog\rc.command.1.tlog
c:\users\longzhu\documents\visual studio 2015\projects\ocrforread\ocrforread\x64\release\ocrforread.tlog\rc.read.1.tlog
c:\users\longzhu\documents\visual studio 2015\projects\ocrforread\ocrforread\x64\release\ocrforread.tlog\rc.write.1.tlog
