c:\users\longzhu\documents\visual studio 2015\projects\ocrforread\ocrforread\x64\debug\vc140.pdb
c:\users\longzhu\documents\visual studio 2015\projects\ocrforread\ocrforread\x64\debug\qrc_ocrforread.obj
c:\users\longzhu\documents\visual studio 2015\projects\ocrforread\ocrforread\generatedfiles\ui_ocrforread.h
c:\users\longzhu\documents\visual studio 2015\projects\ocrforread\ocrforread\generatedfiles\debug\moc_ocrforread.cpp
c:\users\longzhu\documents\visual studio 2015\projects\ocrforread\ocrforread\generatedfiles\qrc_ocrforread.cpp
c:\users\longzhu\documents\visual studio 2015\projects\ocrforread\x64\debug\ocrforread.ilk
c:\users\longzhu\documents\visual studio 2015\projects\ocrforread\x64\debug\ocrforread.exe
c:\users\longzhu\documents\visual studio 2015\projects\ocrforread\x64\debug\ocrforread.pdb
c:\users\longzhu\documents\visual studio 2015\projects\ocrforread\ocrforread\x64\debug\ocrforread.res
c:\users\longzhu\documents\visual studio 2015\projects\ocrforread\ocrforread\x64\debug\main.obj
c:\users\longzhu\documents\visual studio 2015\projects\ocrforread\ocrforread\x64\debug\moc_ocrforread.obj
c:\users\longzhu\documents\visual studio 2015\projects\ocrforread\ocrforread\x64\debug\ocrforread.obj
c:\users\longzhu\documents\visual studio 2015\projects\ocrforread\ocrforread\x64\debug\ocrforread.tlog\cl.command.1.tlog
c:\users\longzhu\documents\visual studio 2015\projects\ocrforread\ocrforread\x64\debug\ocrforread.tlog\cl.read.1.tlog
c:\users\longzhu\documents\visual studio 2015\projects\ocrforread\ocrforread\x64\debug\ocrforread.tlog\cl.write.1.tlog
c:\users\longzhu\documents\visual studio 2015\projects\ocrforread\ocrforread\x64\debug\ocrforread.tlog\custombuild.command.1.tlog
c:\users\longzhu\documents\visual studio 2015\projects\ocrforread\ocrforread\x64\debug\ocrforread.tlog\custombuild.read.1.tlog
c:\users\longzhu\documents\visual studio 2015\projects\ocrforread\ocrforread\x64\debug\ocrforread.tlog\custombuild.write.1.tlog
c:\users\longzhu\documents\visual studio 2015\projects\ocrforread\ocrforread\x64\debug\ocrforread.tlog\link.command.1.tlog
c:\users\longzhu\documents\visual studio 2015\projects\ocrforread\ocrforread\x64\debug\ocrforread.tlog\link.read.1.tlog
c:\users\longzhu\documents\visual studio 2015\projects\ocrforread\ocrforread\x64\debug\ocrforread.tlog\link.write.1.tlog
c:\users\longzhu\documents\visual studio 2015\projects\ocrforread\ocrforread\x64\debug\ocrforread.tlog\rc.command.1.tlog
c:\users\longzhu\documents\visual studio 2015\projects\ocrforread\ocrforread\x64\debug\ocrforread.tlog\rc.read.1.tlog
c:\users\longzhu\documents\visual studio 2015\projects\ocrforread\ocrforread\x64\debug\ocrforread.tlog\rc.write.1.tlog
